<?xml version="1.0" encoding="UTF-8"?>
<!-- Generated by org.testng.reporters.JUnitXMLReporter -->
<testsuite ignored="4" hostname="hp" failures="1" tests="1" name="Test" time="0.519" errors="0" timestamp="2023-11-23T16:41:26 IST">
  <testcase classname="com.crm.GenericUtils.BaseClass" name="@BeforeClass Config_BeforeClass" time="-1.700737886288E9">
    <failure type="org.testng.TestNGException" message="
Parameter &amp;apos;BROWSER&amp;apos; is required by BeforeClass on method Config_BeforeClass but has not been marked @Optional or defined
in C:\Users\91995\eclipse-workspace\Com.SCM_FlexSDTE-52\ProjectTestRunnerXmlFile\BatchExecution_For_Manufacturer_Modules.xml">
      <![CDATA[org.testng.TestNGException: 
Parameter 'BROWSER' is required by BeforeClass on method Config_BeforeClass but has not been marked @Optional or defined
in C:\Users\91995\eclipse-workspace\Com.SCM_FlexSDTE-52\ProjectTestRunnerXmlFile\BatchExecution_For_Manufacturer_Modules.xml
at java.base/java.util.ArrayList.forEach(ArrayList.java:1511)
at java.base/java.util.concurrent.FutureTask.run(FutureTask.java:264)
at java.base/java.util.concurrent.ThreadPoolExecutor.runWorker(ThreadPoolExecutor.java:1136)
at java.base/java.util.concurrent.ThreadPoolExecutor$Worker.run(ThreadPoolExecutor.java:635)
at java.base/java.lang.Thread.run(Thread.java:833)
... Removed 12 stack frames]]>
    </failure>
  </testcase> <!-- @BeforeClass Config_BeforeClass -->
  <testcase classname="com.crm.GenericUtils.BaseClass" name="@AfterClass Config_AfterClass" time="0.0">
    <skipped/>
  </testcase> <!-- @AfterClass Config_AfterClass -->
  <testcase classname="Automate_Project_TestCases.Manufacturer_should_be_able_to_add_products_Test" name="test" time="0.0">
    <failure type="org.testng.TestNGException" message="
Cannot inject @Test annotated Method [test] with [class java.lang.String].
For more information on native dependency injection please refer to https://testng.org/doc/documentation-main.html#native-dependency-injection">
      <![CDATA[org.testng.TestNGException: 
Cannot inject @Test annotated Method [test] with [class java.lang.String].
For more information on native dependency injection please refer to https://testng.org/doc/documentation-main.html#native-dependency-injection
at java.base/java.util.ArrayList.forEach(ArrayList.java:1511)
at java.base/java.util.concurrent.FutureTask.run(FutureTask.java:264)
at java.base/java.util.concurrent.ThreadPoolExecutor.runWorker(ThreadPoolExecutor.java:1136)
at java.base/java.util.concurrent.ThreadPoolExecutor$Worker.run(ThreadPoolExecutor.java:635)
at java.base/java.lang.Thread.run(Thread.java:833)
... Removed 16 stack frames]]>
    </failure>
  </testcase> <!-- test -->
  <testcase classname="com.crm.GenericUtils.BaseClass" name="@BeforeSuite Config_BeforeSuite" time="0.0">
    <ignored/>
  </testcase> <!-- @BeforeSuite Config_BeforeSuite -->
  <testcase classname="com.crm.GenericUtils.BaseClass" name="@AfterSuite Config_AfterSuite" time="0.0">
    <ignored/>
  </testcase> <!-- @AfterSuite Config_AfterSuite -->
  <testcase classname="com.crm.GenericUtils.BaseClass" name="@BeforeSuite Config_BeforeSuite" time="0.0">
    <ignored/>
  </testcase> <!-- @BeforeSuite Config_BeforeSuite -->
  <testcase classname="com.crm.GenericUtils.BaseClass" name="@AfterSuite Config_AfterSuite" time="0.0">
    <ignored/>
  </testcase> <!-- @AfterSuite Config_AfterSuite -->
</testsuite> <!-- Test -->
