<?xml version="1.0" encoding="UTF-8"?>
<!-- Generated by org.testng.reporters.JUnitXMLReporter -->
<testsuite ignored="0" hostname="hp" failures="1" tests="1" name="Test1" time="8.324" errors="0" timestamp="2023-11-23T17:14:01 IST">
  <testcase classname="Automate_Project_TestCases.Manufacturer_should_be_able_to_add_products_Test" name="test" time="2.084">
    <failure type="java.lang.AssertionError" message="expected [Add Produc] but found [Add Product]">
      <![CDATA[java.lang.AssertionError: expected [Add Produc] but found [Add Product]
at Automate_Project_TestCases.Manufacturer_should_be_able_to_add_products_Test.test(Manufacturer_should_be_able_to_add_products_Test.java:60)
at java.base/java.util.ArrayList.forEach(ArrayList.java:1511)
at java.base/java.util.concurrent.FutureTask.run(FutureTask.java:264)
at java.base/java.util.concurrent.ThreadPoolExecutor.runWorker(ThreadPoolExecutor.java:1136)
at java.base/java.util.concurrent.ThreadPoolExecutor$Worker.run(ThreadPoolExecutor.java:635)
at java.base/java.lang.Thread.run(Thread.java:833)
... Removed 23 stack frames]]>
    </failure>
  </testcase> <!-- test -->
</testsuite> <!-- Test1 -->
